c:\users\ivan\documents\github\viewer\obj\x64\debug\vc140.pdb
c:\users\ivan\documents\github\viewer\obj\x64\debug\videowriter.obj
c:\users\ivan\documents\github\viewer\obj\x64\debug\renderer.obj
c:\users\ivan\documents\github\viewer\obj\x64\debug\modelloader.obj
c:\users\ivan\documents\github\viewer\obj\x64\debug\modelloaddialog.obj
c:\users\ivan\documents\github\viewer\obj\x64\debug\model.obj
c:\users\ivan\documents\github\viewer\obj\x64\debug\mainwindow.obj
c:\users\ivan\documents\github\viewer\obj\x64\debug\main.obj
c:\users\ivan\documents\github\viewer\obj\x64\debug\memoryleaksdetection.obj
c:\users\ivan\documents\github\viewer\obj\x64\debug\crashdump.obj
c:\users\ivan\documents\github\viewer\obj\x64\debug\moc_renderer.obj
c:\users\ivan\documents\github\viewer\obj\x64\debug\moc_modelloader.obj
c:\users\ivan\documents\github\viewer\obj\x64\debug\moc_modelloaddialog.obj
c:\users\ivan\documents\github\viewer\obj\x64\debug\moc_model.obj
c:\users\ivan\documents\github\viewer\obj\x64\debug\moc_mainwindow.obj
c:\users\ivan\documents\github\viewer\debug\moc_model.cpp
c:\users\ivan\documents\github\viewer\debug\moc_modelloaddialog.cpp
c:\users\ivan\documents\github\viewer\debug\moc_modelloader.cpp
c:\users\ivan\documents\github\viewer\debug\moc_renderer.cpp
c:\users\ivan\documents\github\viewer\debug\moc_mainwindow.cpp
c:\users\ivan\documents\github\viewer\bin\debug\viewer.ilk
c:\users\ivan\documents\github\viewer\bin\debug\viewer.exe
c:\users\ivan\documents\github\viewer\bin\debug\viewer.pdb
c:\users\ivan\documents\github\viewer\obj\x64\debug\viewer.tlog\cl.command.1.tlog
c:\users\ivan\documents\github\viewer\obj\x64\debug\viewer.tlog\cl.read.1.tlog
c:\users\ivan\documents\github\viewer\obj\x64\debug\viewer.tlog\cl.write.1.tlog
c:\users\ivan\documents\github\viewer\obj\x64\debug\viewer.tlog\custombuild.command.1.tlog
c:\users\ivan\documents\github\viewer\obj\x64\debug\viewer.tlog\custombuild.read.1.tlog
c:\users\ivan\documents\github\viewer\obj\x64\debug\viewer.tlog\custombuild.write.1.tlog
c:\users\ivan\documents\github\viewer\obj\x64\debug\viewer.tlog\link.command.1.tlog
c:\users\ivan\documents\github\viewer\obj\x64\debug\viewer.tlog\link.read.1.tlog
c:\users\ivan\documents\github\viewer\obj\x64\debug\viewer.tlog\link.write.1.tlog
