c:\users\ivan\documents\github\viewer\obj\x64\release\videowriter.obj
c:\users\ivan\documents\github\viewer\obj\x64\release\renderer.obj
c:\users\ivan\documents\github\viewer\obj\x64\release\modelloader.obj
c:\users\ivan\documents\github\viewer\obj\x64\release\modelloaddialog.obj
c:\users\ivan\documents\github\viewer\obj\x64\release\model.obj
c:\users\ivan\documents\github\viewer\obj\x64\release\mainwindow.obj
c:\users\ivan\documents\github\viewer\obj\x64\release\main.obj
c:\users\ivan\documents\github\viewer\obj\x64\release\memoryleaksdetection.obj
c:\users\ivan\documents\github\viewer\obj\x64\release\crashdump.obj
c:\users\ivan\documents\github\viewer\obj\x64\release\moc_renderer.obj
c:\users\ivan\documents\github\viewer\obj\x64\release\moc_modelloader.obj
c:\users\ivan\documents\github\viewer\obj\x64\release\moc_modelloaddialog.obj
c:\users\ivan\documents\github\viewer\obj\x64\release\moc_model.obj
c:\users\ivan\documents\github\viewer\obj\x64\release\moc_mainwindow.obj
c:\users\ivan\documents\github\viewer\generatedfiles\qrc_shaders.cpp
c:\users\ivan\documents\github\viewer\release\moc_mainwindow.cpp
c:\users\ivan\documents\github\viewer\release\moc_model.cpp
c:\users\ivan\documents\github\viewer\release\moc_modelloaddialog.cpp
c:\users\ivan\documents\github\viewer\release\moc_modelloader.cpp
c:\users\ivan\documents\github\viewer\release\moc_renderer.cpp
c:\users\ivan\documents\github\viewer\obj\x64\release\viewer.tlog\cl.command.1.tlog
c:\users\ivan\documents\github\viewer\obj\x64\release\viewer.tlog\cl.read.1.tlog
c:\users\ivan\documents\github\viewer\obj\x64\release\viewer.tlog\cl.write.1.tlog
c:\users\ivan\documents\github\viewer\obj\x64\release\viewer.tlog\custombuild.command.1.tlog
c:\users\ivan\documents\github\viewer\obj\x64\release\viewer.tlog\custombuild.read.1.tlog
c:\users\ivan\documents\github\viewer\obj\x64\release\viewer.tlog\custombuild.write.1.tlog
c:\users\ivan\documents\github\viewer\obj\x64\release\viewer.tlog\link-cvtres.read.1.tlog
c:\users\ivan\documents\github\viewer\obj\x64\release\viewer.tlog\link-cvtres.write.1.tlog
c:\users\ivan\documents\github\viewer\obj\x64\release\viewer.tlog\link-rc.read.1.tlog
c:\users\ivan\documents\github\viewer\obj\x64\release\viewer.tlog\link-rc.write.1.tlog
c:\users\ivan\documents\github\viewer\obj\x64\release\viewer.tlog\link.command.1.tlog
c:\users\ivan\documents\github\viewer\obj\x64\release\viewer.tlog\link.read.1.tlog
c:\users\ivan\documents\github\viewer\obj\x64\release\viewer.tlog\link.write.1.tlog
